23:04:14 **** Incremental Build of configuration Debug for project ADC_Project ****
make all 
Building file: ../main.c
Invoking: AVR Compiler
avr-gcc -Wall -g2 -gstabs -O0 -fpack-struct -fshort-enums -ffunction-sections -fdata-sections -std=gnu99 -funsigned-char -funsigned-bitfields -mmcu=atmega32 -DF_CPU=16000000UL -MMD -MP -MF"main.d" -MT"main.o" -c -o "main.o" "../main.c"
../main.c:19: warning: return type of 'main' is not 'int'
../main.c: In function 'main':
../main.c:59: warning: pointer targets in passing argument 1 of 'LCD_WriteWord' differ in signedness
../main.c:61: warning: pointer targets in passing argument 1 of 'LCD_WriteWord' differ in signedness
../main.c:63: warning: pointer targets in passing argument 1 of 'LCD_WriteWord' differ in signedness
../main.c:65: warning: pointer targets in passing argument 1 of 'LCD_WriteWord' differ in signedness
Finished building: ../main.c
 
Building target: ADC_Project.elf
Invoking: AVR C Linker
avr-gcc -Wl,-Map,ADC_Project.map -mmcu=atmega32 -o "ADC_Project.elf"  ./ADC_prog.o ./Dio_Prog.o ./LCD_Prog.o ./main.o   
Finished building target: ADC_Project.elf
 
Invoking: AVR Create Extended Listing
avr-objdump -h -S ADC_Project.elf  >"ADC_Project.lss"
Finished building: ADC_Project.lss
 
Create Flash image (ihex format)
avr-objcopy -R .eeprom -R .fuse -R .lock -R .signature -O ihex ADC_Project.elf  "ADC_Project.hex"
Finished building: ADC_Project.hex
 
Invoking: Print Size
avr-size --format=avr --mcu=atmega32 ADC_Project.elf
AVR Memory Usage
----------------
Device: atmega32

Program:    8084 bytes (24.7% Full)
(.text + .data + .bootloader)

Data:         64 bytes (3.1% Full)
(.data + .bss + .noinit)


Finished building: sizedummy
 

23:04:15 Build Finished (took 1s.524ms)

