01:54:17 **** Incremental Build of configuration Debug for project UART_SPI_Master ****
make all 
Building file: ../UART__Prog.c
Invoking: AVR Compiler
avr-gcc -Wall -g2 -gstabs -O0 -fpack-struct -fshort-enums -ffunction-sections -fdata-sections -std=gnu99 -funsigned-char -funsigned-bitfields -mmcu=atmega32 -DF_CPU=16000000UL -MMD -MP -MF"UART__Prog.d" -MT"UART__Prog.o" -c -o "UART__Prog.o" "../UART__Prog.c"
Finished building: ../UART__Prog.c
 
Building target: UART_SPI_Master.elf
Invoking: AVR C Linker
avr-gcc -Wl,-Map,UART_SPI_Master.map -mmcu=atmega32 -o "UART_SPI_Master.elf"  ./Dio_Prog.o ./SPI_Prog.o ./Terminal.o ./UART__Prog.o ./main.o   
Finished building target: UART_SPI_Master.elf
 
Invoking: AVR Create Extended Listing
avr-objdump -h -S UART_SPI_Master.elf  >"UART_SPI_Master.lss"
Finished building: UART_SPI_Master.lss
 
Create Flash image (ihex format)
avr-objcopy -R .eeprom -R .fuse -R .lock -R .signature -O ihex UART_SPI_Master.elf  "UART_SPI_Master.hex"
Finished building: UART_SPI_Master.hex
 
Invoking: Print Size
avr-size --format=avr --mcu=atmega32 UART_SPI_Master.elf
AVR Memory Usage
----------------
Device: atmega32

Program:    2000 bytes (6.1% Full)
(.text + .data + .bootloader)

Data:          1 bytes (0.0% Full)
(.data + .bss + .noinit)


Finished building: sizedummy
 

01:54:18 Build Finished (took 1s.473ms)

